<?xml version="1.0" encoding="UTF-8"?>
<!-- Generated by org.testng.reporters.JUnitXMLReporter -->
<testsuite ignored="0" hostname="LAPTOP-5TQKIMUI" failures="0" tests="8" name="Test" time="22.665" errors="0" timestamp="2021-12-08T14:50:48 IST">
  <testcase classname="testing.UrbanLadderTesting" name="login" time="13.626"/>
  <testcase classname="testing.UrbanLadderTesting" name="bed" time="0.208"/>
  <testcase classname="testing.UrbanLadderTesting" name="mattresses" time="0.103"/>
  <testcase classname="testing.UrbanLadderTesting" name="storage" time="0.102"/>
  <testcase classname="testing.UrbanLadderTesting" name="kids" time="0.126"/>
  <testcase classname="testing.UrbanLadderTesting" name="customer" time="1.414"/>
  <testcase classname="testing.UrbanLadderTesting" name="browsepopular" time="0.107"/>
  <testcase classname="testing.UrbanLadderTesting" name="doublebeds" time="1.119"/>
</testsuite> <!-- Test -->
